Drill report for /home/yoshi/Projects/Kicad/UnwaryNuc/UnwaryNuc.kicad_pcb
Created on Sun 12 Sep 2021 10:34:19 PM EDT

Copper Layer Stackup:
    =============================================================
    L1 :  L1_(Top)                  front
    L2 :  L2_(Plane)                in1
    L3 :  L3_(Sig)                  in2
    L4 :  L4_(Bot)                  back


Drill file 'UnwaryNuc-PTH.drl' contains
    plated through holes:
    =============================================================
    T1  0.400mm  0.0157"  (274 holes)
    T2  0.750mm  0.0295"  (3 holes)
    T3  0.890mm  0.0350"  (8 holes)
    T4  0.900mm  0.0354"  (16 holes)
    T5  0.920mm  0.0362"  (8 holes)
    T6  1.000mm  0.0394"  (44 holes)
    T7  1.090mm  0.0429"  (1 hole)
    T8  1.600mm  0.0630"  (4 holes)
    T9  2.120mm  0.0835"  (1 hole)
    T10  2.300mm  0.0906"  (4 holes)
    T11  3.400mm  0.1339"  (4 holes)

    Total plated holes count 367


Drill file 'UnwaryNuc-NPTH.drl' contains
    unplated through holes:
    =============================================================
    T1  3.250mm  0.1280"  (4 holes)

    Total unplated holes count 4
